\BOOKMARK [0][-]{chapter.1}{The Basics}{}% 1
\BOOKMARK [1][-]{section.1.1}{WHAT IS ETINIA?}{chapter.1}% 2
\BOOKMARK [1][-]{section.1.2}{A NOTE ON ROLEPLAYING}{chapter.1}% 3
\BOOKMARK [1][-]{section.1.3}{HOW TO GET STARTED}{chapter.1}% 4
\BOOKMARK [2][-]{subsection.1.3.1}{HERO}{section.1.3}% 5
\BOOKMARK [2][-]{subsection.1.3.2}{EQUIPMENT}{section.1.3}% 6
\BOOKMARK [2][-]{subsection.1.3.3}{STATUS SYSTEM}{section.1.3}% 7
\BOOKMARK [0][-]{chapter.2}{SKILLS}{}% 8
\BOOKMARK [1][-]{section.2.1}{BASIC ABILITIES}{chapter.2}% 9
\BOOKMARK [1][-]{section.2.2}{Attack Tree}{chapter.2}% 10
\BOOKMARK [2][-]{subsection.2.2.1}{Close Combat}{section.2.2}% 11
\BOOKMARK [2][-]{subsection.2.2.2}{Long Range}{section.2.2}% 12
\BOOKMARK [2][-]{subsection.2.2.3}{Melee}{section.2.2}% 13
\BOOKMARK [2][-]{subsection.2.2.4}{Light Combat}{section.2.2}% 14
\BOOKMARK [2][-]{subsection.2.2.5}{Overdrive}{section.2.2}% 15
\BOOKMARK [2][-]{subsection.2.2.6}{Dexterity}{section.2.2}% 16
\BOOKMARK [2][-]{subsection.2.2.7}{Percision}{section.2.2}% 17
\BOOKMARK [2][-]{subsection.2.2.8}{Attack Improvisation}{section.2.2}% 18
\BOOKMARK [1][-]{section.2.3}{DEFENSE TREE}{chapter.2}% 19
\BOOKMARK [2][-]{subsection.2.3.1}{Shield}{section.2.3}% 20
\BOOKMARK [2][-]{subsection.2.3.2}{Stealth}{section.2.3}% 21
\BOOKMARK [2][-]{subsection.2.3.3}{Perception}{section.2.3}% 22
\BOOKMARK [2][-]{subsection.2.3.4}{Immunity}{section.2.3}% 23
\BOOKMARK [2][-]{subsection.2.3.5}{Aura}{section.2.3}% 24
\BOOKMARK [2][-]{subsection.2.3.6}{Counter}{section.2.3}% 25
\BOOKMARK [2][-]{subsection.2.3.7}{Trap}{section.2.3}% 26
\BOOKMARK [2][-]{subsection.2.3.8}{Disarm}{section.2.3}% 27
\BOOKMARK [1][-]{section.2.4}{KNOWLEDGE}{chapter.2}% 28
\BOOKMARK [2][-]{subsection.2.4.1}{General Knowledge}{section.2.4}% 29
\BOOKMARK [2][-]{subsection.2.4.2}{BATTLE}{section.2.4}% 30
\BOOKMARK [2][-]{subsection.2.4.3}{MAGIC}{section.2.4}% 31
\BOOKMARK [2][-]{subsection.2.4.4}{HISTORIC}{section.2.4}% 32
\BOOKMARK [2][-]{subsection.2.4.5}{TECHNICAL}{section.2.4}% 33
\BOOKMARK [2][-]{subsection.2.4.6}{NATURALISTIC}{section.2.4}% 34
\BOOKMARK [2][-]{subsection.2.4.7}{MEDICAL}{section.2.4}% 35
\BOOKMARK [2][-]{subsection.2.4.8}{CHARISMA}{section.2.4}% 36
\BOOKMARK [1][-]{section.2.5}{MAGIC}{chapter.2}% 37
\BOOKMARK [2][-]{subsection.2.5.1}{CAST}{section.2.5}% 38
\BOOKMARK [2][-]{subsection.2.5.2}{HEAL}{section.2.5}% 39
\BOOKMARK [2][-]{subsection.2.5.3}{ALCHEMY}{section.2.5}% 40
\BOOKMARK [2][-]{subsection.2.5.4}{SUMMON}{section.2.5}% 41
\BOOKMARK [2][-]{subsection.2.5.5}{STATUS}{section.2.5}% 42
\BOOKMARK [2][-]{subsection.2.5.6}{MIND}{section.2.5}% 43
\BOOKMARK [2][-]{subsection.2.5.7}{GEOMANCY}{section.2.5}% 44
\BOOKMARK [2][-]{subsection.2.5.8}{SHAPE-SHIFTING}{section.2.5}% 45
\BOOKMARK [1][-]{section.2.6}{MECHANICS}{chapter.2}% 46
\BOOKMARK [2][-]{subsection.2.6.1}{AI}{section.2.6}% 47
\BOOKMARK [2][-]{subsection.2.6.2}{ENGINE}{section.2.6}% 48
\BOOKMARK [2][-]{subsection.2.6.3}{INFECTION}{section.2.6}% 49
\BOOKMARK [2][-]{subsection.2.6.4}{EXTENSION}{section.2.6}% 50
\BOOKMARK [2][-]{subsection.2.6.5}{DRONES}{section.2.6}% 51
\BOOKMARK [2][-]{subsection.2.6.6}{TRANSFORM}{section.2.6}% 52
\BOOKMARK [2][-]{subsection.2.6.7}{FIELDS}{section.2.6}% 53
\BOOKMARK [1][-]{section.2.7}{ANCIENTS}{chapter.2}% 54
\BOOKMARK [2][-]{subsection.2.7.1}{Dragon}{section.2.7}% 55
\BOOKMARK [2][-]{subsection.2.7.2}{Hydra}{section.2.7}% 56
\BOOKMARK [2][-]{subsection.2.7.3}{Ares}{section.2.7}% 57
\BOOKMARK [2][-]{subsection.2.7.4}{Dimension}{section.2.7}% 58
\BOOKMARK [2][-]{subsection.2.7.5}{CONTROLIA}{section.2.7}% 59
\BOOKMARK [2][-]{subsection.2.7.6}{Hades}{section.2.7}% 60
\BOOKMARK [2][-]{subsection.2.7.7}{Titan}{section.2.7}% 61
\BOOKMARK [2][-]{subsection.2.7.8}{Centaur}{section.2.7}% 62
\BOOKMARK [1][-]{section.2.8}{Drifting}{chapter.2}% 63
\BOOKMARK [2][-]{subsection.2.8.1}{Space}{section.2.8}% 64
\BOOKMARK [2][-]{subsection.2.8.2}{Time}{section.2.8}% 65
\BOOKMARK [2][-]{subsection.2.8.3}{Ancient}{section.2.8}% 66
\BOOKMARK [2][-]{subsection.2.8.4}{Dream}{section.2.8}% 67
\BOOKMARK [2][-]{subsection.2.8.5}{Dark}{section.2.8}% 68
\BOOKMARK [2][-]{subsection.2.8.6}{Arcane}{section.2.8}% 69
\BOOKMARK [2][-]{subsection.2.8.7}{Cyber}{section.2.8}% 70
\BOOKMARK [2][-]{subsection.2.8.8}{Kinetic}{section.2.8}% 71
\BOOKMARK [1][-]{section.2.9}{RACIAL}{chapter.2}% 72
\BOOKMARK [0][-]{chapter.3}{THE STAR JOURNAL}{}% 73
\BOOKMARK [1][-]{section.3.1}{WHISPS}{chapter.3}% 74
\BOOKMARK [2][-]{subsection.3.1.1}{BASIC INFORMATION}{section.3.1}% 75
\BOOKMARK [2][-]{subsection.3.1.2}{PHYSIOLOGY}{section.3.1}% 76
\BOOKMARK [2][-]{subsection.3.1.3}{SOCIOLOGY}{section.3.1}% 77
\BOOKMARK [2][-]{subsection.3.1.4}{PSYCHOLOGY}{section.3.1}% 78
\BOOKMARK [1][-]{section.3.2}{NAVICOS}{chapter.3}% 79
\BOOKMARK [2][-]{subsection.3.2.1}{BASIC INFORMATION}{section.3.2}% 80
\BOOKMARK [2][-]{subsection.3.2.2}{PHYSIOLOGY}{section.3.2}% 81
\BOOKMARK [2][-]{subsection.3.2.3}{SOCIOLOGY}{section.3.2}% 82
\BOOKMARK [2][-]{subsection.3.2.4}{PSYCHOLOGY}{section.3.2}% 83
\BOOKMARK [1][-]{section.3.3}{TESSARN}{chapter.3}% 84
\BOOKMARK [2][-]{subsection.3.3.1}{BASIC INFORMATION}{section.3.3}% 85
\BOOKMARK [2][-]{subsection.3.3.2}{PHYSIOLOGY}{section.3.3}% 86
\BOOKMARK [2][-]{subsection.3.3.3}{SOCIOLOGY}{section.3.3}% 87
\BOOKMARK [2][-]{subsection.3.3.4}{PSYCHOLOGY}{section.3.3}% 88
\BOOKMARK [1][-]{section.3.4}{ZAR'۪OCK}{chapter.3}% 89
\BOOKMARK [2][-]{subsection.3.4.1}{BASIC INFORMATION}{section.3.4}% 90
\BOOKMARK [2][-]{subsection.3.4.2}{PHYSIOLOGY}{section.3.4}% 91
\BOOKMARK [2][-]{subsection.3.4.3}{SOCIOLOGY}{section.3.4}% 92
\BOOKMARK [2][-]{subsection.3.4.4}{PSYCHOLOGY}{section.3.4}% 93
\BOOKMARK [1][-]{section.3.5}{DRAS}{chapter.3}% 94
\BOOKMARK [2][-]{subsection.3.5.1}{BASIC INFORMATION}{section.3.5}% 95
\BOOKMARK [2][-]{subsection.3.5.2}{PHYSIOLOGY}{section.3.5}% 96
\BOOKMARK [2][-]{subsection.3.5.3}{HEIGHT AND WEIGHT}{section.3.5}% 97
\BOOKMARK [2][-]{subsection.3.5.4}{SOCIOLOGY}{section.3.5}% 98
\BOOKMARK [2][-]{subsection.3.5.5}{PSYCHOLOGY}{section.3.5}% 99
\BOOKMARK [1][-]{section.3.6}{EMITS}{chapter.3}% 100
\BOOKMARK [2][-]{subsection.3.6.1}{BASIC INFORMATION}{section.3.6}% 101
\BOOKMARK [2][-]{subsection.3.6.2}{PHYSIOLOGY}{section.3.6}% 102
\BOOKMARK [2][-]{subsection.3.6.3}{SOCIOLOGY}{section.3.6}% 103
\BOOKMARK [2][-]{subsection.3.6.4}{PSYCHOLOGY}{section.3.6}% 104
\BOOKMARK [0][-]{chapter.4}{World Generation}{}% 105
\BOOKMARK [0][-]{appendix.A}{DEFINITIONS}{}% 106
\BOOKMARK [1][-]{section.A.1}{KNOCKBACK}{appendix.A}% 107
\BOOKMARK [1][-]{section.A.2}{FLANKING}{appendix.A}% 108
\BOOKMARK [1][-]{section.A.3}{ELEMENTAL BONUS}{appendix.A}% 109
\BOOKMARK [1][-]{section.A.4}{CRITICAL HITS}{appendix.A}% 110
\BOOKMARK [1][-]{section.A.5}{FOG OF WAR}{appendix.A}% 111
\BOOKMARK [1][-]{section.A.6}{BATTLE }{appendix.A}% 112
\BOOKMARK [1][-]{section.A.7}{NEUTRAL UNITS}{appendix.A}% 113
\BOOKMARK [2][-]{subsection.A.7.1}{Action Types}{section.A.7}% 114
\BOOKMARK [2][-]{subsection.A.7.2}{ORDERS}{section.A.7}% 115
\BOOKMARK [1][-]{section.A.8}{SUPPLY/REINFORCEMENTS DROPS}{appendix.A}% 116
\BOOKMARK [1][-]{section.A.9}{TERRAIN}{appendix.A}% 117
\BOOKMARK [1][-]{section.A.10}{CONDITIONS}{appendix.A}% 118
\BOOKMARK [1][-]{section.A.11}{OBJECTIVE BASED FEATURES}{appendix.A}% 119
\BOOKMARK [1][-]{section.A.12}{IF THEN TRIGGERS}{appendix.A}% 120
\BOOKMARK [1][-]{section.A.13}{EXPERIENCE POINTS AND LEVELING UP}{appendix.A}% 121
\BOOKMARK [1][-]{section.A.14}{CALL ALLY}{appendix.A}% 122
\BOOKMARK [1][-]{section.A.15}{LAWS}{appendix.A}% 123
\BOOKMARK [1][-]{section.A.16}{RESEARCH}{appendix.A}% 124
\BOOKMARK [1][-]{section.A.17}{GREAT ALCHEMY}{appendix.A}% 125
\BOOKMARK [1][-]{section.A.18}{SPECIAL CASTS}{appendix.A}% 126
\BOOKMARK [1][-]{section.A.19}{RACIAL ABILITIES}{appendix.A}% 127
\BOOKMARK [1][-]{section.A.20}{RACIAL SPECIALTIES}{appendix.A}% 128
\BOOKMARK [1][-]{section.A.21}{FARMING}{appendix.A}% 129
\BOOKMARK [1][-]{section.A.22}{REFERENCE TABLES AND GUIDES}{appendix.A}% 130
